0 info it worked if it ends with ok
1 verbose cli [
1 verbose cli   '/usr/local/bin/node',
1 verbose cli   '/usr/local/bin/npm',
1 verbose cli   '--no-update-notifier',
1 verbose cli   '--no-fund',
1 verbose cli   'start',
1 verbose cli   '--cache',
1 verbose cli   '/data/.npm',
1 verbose cli   '--',
1 verbose cli   '--userDir',
1 verbose cli   '/data'
1 verbose cli ]
2 info using npm@6.14.13
3 info using node@v14.17.3
4 verbose config Skipping project config: /usr/src/node-red/.npmrc. (matches userconfig)
5 verbose run-script [ 'prestart', 'start', 'poststart' ]
6 info lifecycle node-red-docker@2.0.5~prestart: node-red-docker@2.0.5
7 info lifecycle node-red-docker@2.0.5~start: node-red-docker@2.0.5
8 verbose lifecycle node-red-docker@2.0.5~start: unsafe-perm in lifecycle true
9 verbose lifecycle node-red-docker@2.0.5~start: PATH: /usr/local/lib/node_modules/npm/node_modules/npm-lifecycle/node-gyp-bin:/usr/src/node-red/node_modules/.bin:/usr/src/node-red/node_modules/.bin:/usr/local/sbin:/usr/local/bin:/usr/sbin:/usr/bin:/sbin:/bin
10 verbose lifecycle node-red-docker@2.0.5~start: CWD: /usr/src/node-red
11 silly lifecycle node-red-docker@2.0.5~start: Args: [
11 silly lifecycle   '-c',
11 silly lifecycle   'node $NODE_OPTIONS node_modules/node-red/red.js $FLOWS "--userDir" "/data"'
11 silly lifecycle ]
12 silly lifecycle node-red-docker@2.0.5~start: Returned: code: 1  signal: null
13 info lifecycle node-red-docker@2.0.5~start: Failed to exec start script
14 verbose stack Error: node-red-docker@2.0.5 start: `node $NODE_OPTIONS node_modules/node-red/red.js $FLOWS "--userDir" "/data"`
14 verbose stack Exit status 1
14 verbose stack     at EventEmitter.<anonymous> (/usr/local/lib/node_modules/npm/node_modules/npm-lifecycle/index.js:332:16)
14 verbose stack     at EventEmitter.emit (events.js:375:28)
14 verbose stack     at ChildProcess.<anonymous> (/usr/local/lib/node_modules/npm/node_modules/npm-lifecycle/lib/spawn.js:55:14)
14 verbose stack     at ChildProcess.emit (events.js:375:28)
14 verbose stack     at maybeClose (internal/child_process.js:1055:16)
14 verbose stack     at Process.ChildProcess._handle.onexit (internal/child_process.js:288:5)
15 verbose pkgid node-red-docker@2.0.5
16 verbose cwd /usr/src/node-red
17 verbose Linux 5.10.0-5mx-amd64
18 verbose argv "/usr/local/bin/node" "/usr/local/bin/npm" "--no-update-notifier" "--no-fund" "start" "--cache" "/data/.npm" "--" "--userDir" "/data"
19 verbose node v14.17.3
20 verbose npm  v6.14.13
21 error code ELIFECYCLE
22 error errno 1
23 error node-red-docker@2.0.5 start: `node $NODE_OPTIONS node_modules/node-red/red.js $FLOWS "--userDir" "/data"`
23 error Exit status 1
24 error Failed at the node-red-docker@2.0.5 start script.
24 error This is probably not a problem with npm. There is likely additional logging output above.
25 verbose exit [ 1, true ]
